<?xml version="1.0" encoding="UTF-8"?>
<!-- Generated by org.testng.reporters.JUnitReportReporter -->
<testsuite hostname="DESKTOP-QBALUQ7" failures="0" tests="1" name="tests.ContactUsTest" time="1.371" errors="0" timestamp="2021-04-22T08:03:43 EET" skipped="0">
  <testcase classname="tests.ContactUsTest" name="UserCanUseContactUs" time="1.371"/>
  <system-out/>
</testsuite> <!-- tests.ContactUsTest -->
