<?xml version="1.0" encoding="UTF-8"?>
<!-- Generated by org.testng.reporters.JUnitReportReporter -->
<testsuite hostname="DESKTOP-QBALUQ7" failures="0" tests="4" name="tests.AddProductReviewTest" time="11.600" errors="0" timestamp="2021-04-22T08:01:53 EET" skipped="0">
  <testcase classname="tests.AddProductReviewTest" name="UserCanRegisterSuccssfully" time="3.028"/>
  <system-out/>
  <testcase classname="tests.AddProductReviewTest" name="UserCanSearchWithAutoSuggest" time="3.854"/>
  <system-out/>
  <testcase classname="tests.AddProductReviewTest" name="RegisteredUserCanReviewProduct" time="3.004"/>
  <system-out/>
  <testcase classname="tests.AddProductReviewTest" name="RegisteredUserCanLogout" time="1.714"/>
  <system-out/>
</testsuite> <!-- tests.AddProductReviewTest -->
