<?xml version="1.0" encoding="UTF-8"?>
<!-- Generated by org.testng.reporters.JUnitReportReporter -->
<testsuite hostname="DESKTOP-QBALUQ7" failures="0" tests="2" name="tests.ChangeCurrencyTest" time="3.558" errors="0" timestamp="2021-04-21T07:46:42 EET" skipped="0">
  <testcase classname="tests.ChangeCurrencyTest" name="UserCanCanChangeCurrency" time="2.503"/>
  <system-out/>
  <testcase classname="tests.ChangeCurrencyTest" name="UserCanSearchWithAutoSuggest" time="1.055"/>
  <system-out/>
</testsuite> <!-- tests.ChangeCurrencyTest -->
