<?xml version="1.0" encoding="UTF-8"?>
<!-- Generated by org.testng.reporters.JUnitReportReporter -->
<testsuite hostname="DESKTOP-QBALUQ7" failures="0" tests="2" name="tests.UserRegistrationWithDDTAndDataProvider" time="15.881" errors="0" timestamp="2021-04-24T06:20:46 EET" skipped="0">
  <testcase classname="tests.UserRegistrationWithDDTAndDataProvider" name="UserCanRegisterSuccssfully" time="8.061"/>
  <system-out/>
  <testcase classname="tests.UserRegistrationWithDDTAndDataProvider" name="UserCanRegisterSuccssfully" time="7.820"/>
  <system-out/>
</testsuite> <!-- tests.UserRegistrationWithDDTAndDataProvider -->
