<?xml version="1.0" encoding="UTF-8"?>
<!-- Generated by org.testng.reporters.JUnitReportReporter -->
<testsuite hostname="DESKTOP-QBALUQ7" failures="0" tests="3" name="tests.UserRegistrationWithDDTAndPropertiesFile" time="7.656" errors="0" timestamp="2021-04-22T06:24:09 EET" skipped="0">
  <testcase classname="tests.UserRegistrationWithDDTAndPropertiesFile" name="RegisteredUserCanLogout" time="1.848"/>
  <system-out/>
  <testcase classname="tests.UserRegistrationWithDDTAndPropertiesFile" name="RegisteredUserCanLogin" time="2.142"/>
  <system-out/>
  <testcase classname="tests.UserRegistrationWithDDTAndPropertiesFile" name="UserCanRegisterSuccssfully" time="3.666"/>
  <system-out/>
</testsuite> <!-- tests.UserRegistrationWithDDTAndPropertiesFile -->
