<?xml version="1.0" encoding="UTF-8"?>
<!-- Generated by org.testng.reporters.JUnitReportReporter -->
<testsuite hostname="DESKTOP-QBALUQ7" failures="0" tests="3" name="tests.UserRegistrationTest" time="8.899" errors="0" timestamp="2021-04-24T21:43:41 EET" skipped="0">
  <testcase classname="tests.UserRegistrationTest" name="RegisteredUserCanLogin" time="3.795"/>
  <system-out/>
  <testcase classname="tests.UserRegistrationTest" name="RegisteredUserCanLogout" time="1.003"/>
  <system-out/>
  <testcase classname="tests.UserRegistrationTest" name="UserCanRegisterSuccssfully" time="4.101"/>
  <system-out/>
</testsuite> <!-- tests.UserRegistrationTest -->
