<?xml version="1.0" encoding="UTF-8"?>
<!-- Generated by org.testng.reporters.JUnitReportReporter -->
<testsuite hostname="DESKTOP-QBALUQ7" failures="0" tests="1" name="tests.UserRegistrationTestWithDDTAndCSV" time="22.924" errors="0" timestamp="2021-04-22T08:18:40 EET" skipped="0">
  <testcase classname="tests.UserRegistrationTestWithDDTAndCSV" name="UserCanRegisterSuccssfully" time="22.924"/>
  <system-out/>
</testsuite> <!-- tests.UserRegistrationTestWithDDTAndCSV -->
